
----------------------------------------------------------------------------------------------
Log Entry Started for App Version 0.2c.1
Process was started from HTTP Request
Current time and date is: 2015-11-25 14:41:51
Attempting to connect to ftp.librarytech.com...
Connection Successful!
Server filename is: 0
Last filename is: 0
Config filename should be: -1
Config filename is: 1069
Consider running process manually. User input will be gathered in the next version to help handle this programmatically!

----------------------------------------------------------------------------------------------
Log Entry Started for App Version 0.2c.1
Process was started from HTTP Request
Current time and date is: 2015-11-25 14:43:01
Attempting to connect to ftp.librarytech.com...
Connection Successful!
Server filename is: 1070
Last filename is: 1070
Config filename should be: 1069
Config filename is: 1069

----------------------------------------------------------------------------------------------
Log Entry Started for App Version 0.2c.1
Process was started from HTTP Request
Current time and date is: 2015-11-25 14:52:05
Attempting to connect to ftp.librarytech.com...
Connection Successful!
Server filename is: 1070
Last filename is: 1070
Config filename should be: 1069
Config filename is: 1069

----------------------------------------------------------------------------------------------
Log Entry Started for App Version 0.2c.1
Process was started from HTTP Request
Current time and date is: 2015-11-25 14:52:49
Attempting to connect to ftp.librarytech.com...
Connection Successful!
Server filename is: 1070
Last filename is: 1070
Config filename should be: 1069
Config filename is: 1069

----------------------------------------------------------------------------------------------
Log Entry Started for App Version 0.2c.1
Process was started from HTTP Request
Current time and date is: 2015-11-25 15:05:19
Attempting to connect to ftp.librarytech.com...
Connection Successful!
Server filename is: 1070
Last filename is: 1069
Config filename should be: 1069
Config filename is: 1069

----------------------------------------------------------------------------------------------
Log Entry Started for App Version 0.2c.1
Process was started from HTTP Request
Current time and date is: 2015-11-25 15:06:31
Attempting to connect to ftp.librarytech.com...
Connection Successful!
Server filename is: 1070
Last filename is: 1069
Config filename should be: 1069
Config filename is: 1069

----------------------------------------------------------------------------------------------
Log Entry Started for App Version 0.2c.1
Process was started from HTTP Request
Current time and date is: 2015-11-27 11:18:53
Attempting to connect to ftp.librarytech.com...
Connected but unable to authenticate. Check user/pw config

----------------------------------------------------------------------------------------------
Log Entry Started for App Version 0.2c.1
Process was started from HTTP Request
Current time and date is: 2015-11-27 12:02:19
Attempting to connect to ftp.librarytech.com...
Connected but unable to authenticate. Check user/pw config

----------------------------------------------------------------------------------------------
Log Entry Started for App Version 0.2c.1
Process was started from HTTP Request
Current time and date is: 2015-11-27 16:15:30
Attempting to connect to ftp.librarytech.com...
Connected but unable to authenticate. Check user/pw config

----------------------------------------------------------------------------------------------
Log Entry Started for App Version 0.2c.1
Process was started from HTTP Request
Current time and date is: 2015-11-27 16:17:08
Attempting to connect to ftp.librarytech.com...
Connected but unable to authenticate. Check user/pw config

----------------------------------------------------------------------------------------------
Log Entry Started for App Version 0.2c.1
Process was started from HTTP Request
Current time and date is: 2015-11-27 16:17:28
Attempting to connect to ftp.librarytech.com...
Connection Successful!
Server filename is: 1070
Last filename is: 1069
Config filename should be: 1069
Config filename is: 1069

----------------------------------------------------------------------------------------------
Log Entry Started for App Version 0.2c.1
Process was started from HTTP Request
Current time and date is: 2015-11-27 16:17:56
Attempting to connect to ftp.librarytech.com...
Connection Successful!
Server filename is: 1070
Last filename is: 1069
Config filename should be: 1069
Config filename is: 1069

----------------------------------------------------------------------------------------------
Log Entry Started for App Version 0.2c.1
Process was started from HTTP Request
Current time and date is: 2015-11-27 16:28:34
Attempting to connect to ftp.librarytech.com...
Connection Successful!
Server filename is: 1070
Last filename is: 1069
Config filename should be: 1069
Config filename is: 1069

----------------------------------------------------------------------------------------------
Log Entry Started for App Version 0.2c.1
Process was started from HTTP Request
Current time and date is: 2015-11-27 17:10:13
Attempting to connect to ftp.librarytech.com...
Connection Successful!
Server filename is: 1070
Last filename is: 1069
Config filename should be: 1069
Config filename is: 1069

----------------------------------------------------------------------------------------------
Log Entry Started for App Version 0.3.b
Process was started from HTTP Request
Current time and date is: 2015-11-27 19:35:56
Attempting to connect to ftp.librarytech.com...
Connection Successful!
Server filename is: 1070
Last filename is: 1069
Config filename should be: 1069
Config filename is: 1069
WNCLN1070.ACF failed to download!

----------------------------------------------------------------------------------------------
Log Entry Started for App Version 0.3.b
Process was started from HTTP Request
Current time and date is: 2015-11-27 19:37:41
Attempting to connect to ftp.librarytech.com...
Connection Successful!
Server filename is: 1070
Last filename is: 1069
Config filename should be: 1069
Config filename is: 1069
WNCLN1070.ACF failed to download!

----------------------------------------------------------------------------------------------
Log Entry Started for App Version 0.3.b
Process was started from HTTP Request
Current time and date is: 2015-11-27 19:37:56
Attempting to connect to ftp.librarytech.com...
Connection Successful!
Server filename is: 1070
Last filename is: 1069
Config filename should be: 1069
Config filename is: 1069
WNCLN1070.ACF failed to download!

----------------------------------------------------------------------------------------------
Log Entry Started for App Version 0.3.b
Process was started from HTTP Request
Current time and date is: 2015-11-27 19:43:33
Attempting to connect to ftp.librarytech.com...
Connection Successful!
Server filename is: 1070
Last filename is: 1069
Config filename should be: 1069
Config filename is: 1069
WNCLN1070.ACF failed to download!

----------------------------------------------------------------------------------------------
Log Entry Started for App Version 0.3.b
Process was started from HTTP Request
Current time and date is: 2015-11-27 19:44:27
Attempting to connect to ftp.librarytech.com...
Connection Successful!
Server filename is: 1070
Last filename is: 1069
Config filename should be: 1069
Config filename is: 1069
WNCLN1070.ACF failed to download!

----------------------------------------------------------------------------------------------
Log Entry Started for App Version 0.3.b
Process was started from HTTP Request
Current time and date is: 2015-11-27 19:45:46
Attempting to connect to ftp.librarytech.com...
Connection Successful!
Server filename is: 1070
Last filename is: 1069
Config filename should be: 1069
Config filename is: 1069
WNCLN1070.ACF failed to download!

----------------------------------------------------------------------------------------------
Log Entry Started for App Version 0.3.b
Process was started from HTTP Request
Current time and date is: 2015-11-27 19:46:12
Attempting to connect to ftp.librarytech.com...
Connection Successful!
Server filename is: 1070
Last filename is: 1069
Config filename should be: 1069
Config filename is: 1069
WNCLN1070.ACF failed to download!

----------------------------------------------------------------------------------------------
Log Entry Started for App Version 0.3.b
Process was started from HTTP Request
Current time and date is: 2015-11-27 19:46:49
Attempting to connect to ftp.librarytech.com...
Connection Successful!
Server filename is: 1070
Last filename is: 1069
Config filename should be: 1069
Config filename is: 1069
WNCLN1070.ACF has been downloaded successfully!

----------------------------------------------------------------------------------------------
Log Entry Started for App Version 0.3.b
Process was started from HTTP Request
Current time and date is: 2015-11-27 19:55:24
Attempting to connect to ftp.librarytech.com...
Connection Successful!
Server filename is: 1070
Last filename is: 1069
Config filename should be: 1069
Config filename is: 1069
WNCLN1070.ACF failed to download!

----------------------------------------------------------------------------------------------
Log Entry Started for App Version 0.3.b
Process was started from HTTP Request
Current time and date is: 2015-11-27 19:56:59
Attempting to connect to ftp.librarytech.com...
Connection Successful!
Server filename is: 1070
Last filename is: 1069
Config filename should be: 1069
Config filename is: 1069
WNCLN1070.ACF failed to download!

----------------------------------------------------------------------------------------------
Log Entry Started for App Version 0.3.b
Process was started from HTTP Request
Current time and date is: 2015-11-27 19:57:36
Attempting to connect to ftp.librarytech.com...
Connection Successful!
Server filename is: 1070
Last filename is: 1069
Config filename should be: 1069
Config filename is: 1069
WNCLN1070.ACF has been downloaded successfully!

----------------------------------------------------------------------------------------------
Log Entry Started for App Version 0.3.b
Process was started from HTTP Request
Current time and date is: 2015-11-27 20:01:01
Attempting to connect to ftp.librarytech.com...
Connection Successful!
Server filename is: 1070
Last filename is: 1069
Config filename should be: 1069
Config filename is: 1069
WNCLN1070.ACF has been downloaded successfully!
WNCLN1070.ULH has been downloaded successfully!

----------------------------------------------------------------------------------------------
Log Entry Started for App Version 0.3.b
Process was started from HTTP Request
Current time and date is: 2015-11-27 20:01:50
Attempting to connect to ftp.librarytech.com...
Connection Successful!
Server filename is: 1070
Last filename is: 1069
Config filename should be: 1069
Config filename is: 1069
WNCLN1070.ACF has been downloaded successfully!
WNCLN1070.ULH has been downloaded successfully!

----------------------------------------------------------------------------------------------
Log Entry Started for App Version 0.3.b
Process was started from HTTP Request
Current time and date is: 2015-11-30 13:23:09
Attempting to connect to ftp.librarytech.com...
Connection Successful!
Server filename is: 1071
Last filename is: 1070
Config filename should be: 1070
Config filename is: 1069
Consider running process manually. User input will be gathered in the next version to help handle this programmatically!

----------------------------------------------------------------------------------------------
Log Entry Started for App Version 0.3.b
Process was started from HTTP Request
Current time and date is: 2015-11-30 15:13:16
Attempting to connect to ftp.librarytech.com...
Connection Successful!
Server filename is: 1071
Last filename is: 1070
Config filename should be: 1070
Config filename is: 1069
Consider running process manually. User input will be gathered in the next version to help handle this programmatically!

----------------------------------------------------------------------------------------------
Log Entry Started for App Version 0.3.b
Process was started from HTTP Request
Current time and date is: 2015-11-30 15:20:47
Attempting to connect to ftp.librarytech.com...
Connection Successful!
Server filename is: 1071
Last filename is: 1070
Config filename should be: 1070
Config filename is: 1069
Consider running process manually. User input will be gathered in the next version to help handle this programmatically!

----------------------------------------------------------------------------------------------
Log Entry Started for App Version 0.3.b
Process was started from HTTP Request
Current time and date is: 2015-11-30 15:21:41
Attempting to connect to ftp.librarytech.com...
Connection Successful!
Server filename is: 1071
Last filename is: 1070
Config filename should be: 1070
Config filename is: 1069
Consider running process manually. User input will be gathered in the next version to help handle this programmatically!

----------------------------------------------------------------------------------------------
Log Entry Started for App Version 0.3.b
Process was started from HTTP Request
Current time and date is: 2015-11-30 15:24:13
Attempting to connect to ftp.librarytech.com...
Connection Successful!
Server filename is: 1071
Last filename is: 1070
Config filename should be: 1070
Config filename is: 1069
Consider running process manually. User input will be gathered in the next version to help handle this programmatically!

----------------------------------------------------------------------------------------------
Log Entry Started for App Version 0.3.b
Process was started from HTTP Request
Current time and date is: 2015-11-30 15:25:03
Attempting to connect to ftp.librarytech.com...
Connection Successful!
Server filename is: 1071
Last filename is: 1070
Config filename should be: 1070
Config filename is: 1069
Consider running process manually. User input will be gathered in the next version to help handle this programmatically!

----------------------------------------------------------------------------------------------
Log Entry Started for App Version 0.3.b
Process was started from HTTP Request
Current time and date is: 2015-11-30 15:28:09
Attempting to connect to ftp.librarytech.com...
Connection Successful!
Server filename is: 1071
Last filename is: 1070
Config filename should be: 1070
Config filename is: 1069
Consider running process manually. User input will be gathered in the next version to help handle this programmatically!

----------------------------------------------------------------------------------------------
Log Entry Started for App Version 0.3.b
Process was started from HTTP Request
Current time and date is: 2015-11-30 15:29:39
Attempting to connect to ftp.librarytech.com...
Connection Successful!
Server filename is: 1071
Last filename is: 1070
Config filename should be: 1070
Config filename is: 1069
Consider running process manually. User input will be gathered in the next version to help handle this programmatically!

----------------------------------------------------------------------------------------------
Log Entry Started for App Version 0.3.b
Process was started from HTTP Request
Current time and date is: 2015-11-30 15:29:52
Attempting to connect to ftp.librarytech.com...
Connection Successful!
Server filename is: 1071
Last filename is: 1070
Config filename should be: 1070
Config filename is: 1069
Consider running process manually. User input will be gathered in the next version to help handle this programmatically!

----------------------------------------------------------------------------------------------
Log Entry Started for App Version 0.3.b
Process was started from HTTP Request
Current time and date is: 2015-11-30 15:30:35
Attempting to connect to ftp.librarytech.com...
Connection Successful!
Server filename is: 1071
Last filename is: 1070
Config filename should be: 1070
Config filename is: 1069
Consider running process manually. User input will be gathered in the next version to help handle this programmatically!

----------------------------------------------------------------------------------------------
Log Entry Started for App Version 0.3.b
Process was started from HTTP Request
Current time and date is: 2015-11-30 15:31:56
Attempting to connect to ftp.librarytech.com...
Connection Successful!
Server filename is: 1071
Last filename is: 1070
Config filename should be: 1070
Config filename is: 1069
Consider running process manually. User input will be gathered in the next version to help handle this programmatically!

----------------------------------------------------------------------------------------------
Log Entry Started for App Version 0.3.b
Process was started from HTTP Request
Current time and date is: 2015-11-30 15:39:25
Attempting to connect to ftp.librarytech.com...
Connection Successful!
Server filename is: 1071
Last filename is: 1070
Config filename should be: 1070
Config filename is: 1069
Consider running process manually. User input will be gathered in the next version to help handle this programmatically!

----------------------------------------------------------------------------------------------
Log Entry Started for App Version 0.3.b
Process was started from HTTP Request
Current time and date is: 2015-11-30 15:42:20
Attempting to connect to ftp.librarytech.com...
Connection Successful!
Server filename is: 1071
Last filename is: 1070
Config filename should be: 1070
Config filename is: 1069
Consider running process manually. User input will be gathered in the next version to help handle this programmatically!

----------------------------------------------------------------------------------------------
Log Entry Started for App Version 0.3.b
Process was started from HTTP Request
Current time and date is: 2015-11-30 15:44:45
Attempting to connect to ftp.librarytech.com...
Connection Successful!
Server filename is: 1071
Last filename is: 1070
Config filename should be: 1070
Config filename is: 1069
Consider running process manually. User input will be gathered in the next version to help handle this programmatically!

----------------------------------------------------------------------------------------------
Log Entry Started for App Version 0.3.b
Process was started from HTTP Request
Current time and date is: 2015-11-30 15:48:44
Attempting to connect to ftp.librarytech.com...
Connection Successful!
Server filename is: 1071
Last filename is: 1070
Config filename should be: 1070
Config filename is: 1069
Consider running process manually. User input will be gathered in the next version to help handle this programmatically!

----------------------------------------------------------------------------------------------
Log Entry Started for App Version 0.3.b
Process was started from HTTP Request
Current time and date is: 2015-11-30 15:50:12
Attempting to connect to ftp.librarytech.com...
Connection Successful!
Server filename is: 1071
Last filename is: 1070
Config filename should be: 1070
Config filename is: 1069
Consider running process manually. User input will be gathered in the next version to help handle this programmatically!

----------------------------------------------------------------------------------------------
Log Entry Started for App Version 0.3.b
Process was started from HTTP Request
Current time and date is: 2015-11-30 15:50:32
Attempting to connect to ftp.librarytech.com...
Connection Successful!
Server filename is: 1071
Last filename is: 1070
Config filename should be: 1070
Config filename is: 1069
Consider running process manually. User input will be gathered in the next version to help handle this programmatically!
